  Assembling copystr.asm...
  Assembling dlinastroki.asm...
  stdafx.cpp
  ConsoleApplication1.cpp
  
  Запуск 1-го прохода
  Обработан параметр /DEFAULTLIB:MSVCRTD
  Обработан параметр /DEFAULTLIB:OLDNAMES
  модуль "dlinastroki.obj" небезопасен для образа SAFESEH.
  
  Поиск библиотек
      Поиск C:\Program Files (x86)\Windows Kits\10\lib\10.0.16299.0\um\x86\kernel32.lib:
      Поиск C:\Program Files (x86)\Windows Kits\10\lib\10.0.16299.0\um\x86\user32.lib:
      Поиск C:\Program Files (x86)\Windows Kits\10\lib\10.0.16299.0\um\x86\gdi32.lib:
      Поиск C:\Program Files (x86)\Windows Kits\10\lib\10.0.16299.0\um\x86\winspool.lib:
      Поиск C:\Program Files (x86)\Windows Kits\10\lib\10.0.16299.0\um\x86\comdlg32.lib:
      Поиск C:\Program Files (x86)\Windows Kits\10\lib\10.0.16299.0\um\x86\advapi32.lib:
      Поиск C:\Program Files (x86)\Windows Kits\10\lib\10.0.16299.0\um\x86\shell32.lib:
      Поиск C:\Program Files (x86)\Windows Kits\10\lib\10.0.16299.0\um\x86\ole32.lib:
      Поиск C:\Program Files (x86)\Windows Kits\10\lib\10.0.16299.0\um\x86\oleaut32.lib:
      Поиск C:\Program Files (x86)\Windows Kits\10\lib\10.0.16299.0\um\x86\uuid.lib:
      Поиск C:\Program Files (x86)\Windows Kits\10\lib\10.0.16299.0\um\x86\odbc32.lib:
      Поиск C:\Program Files (x86)\Windows Kits\10\lib\10.0.16299.0\um\x86\odbccp32.lib:
      Поиск C:\Program Files (x86)\Microsoft Visual Studio\2017\Community\VC\Tools\MSVC\14.12.25827\lib\x86\MSVCRTD.lib:
        Найден @_RTC_CheckStackVars@8
          Имеются ссылки в ConsoleApplication1.obj
          Загружен MSVCRTD.lib(_stack_.obj)
        Найден @__security_check_cookie@4
          Имеются ссылки в ConsoleApplication1.obj
          Загружен MSVCRTD.lib(_secchk_.obj)
        Найден __RTC_InitBase
          Имеются ссылки в ConsoleApplication1.obj
          Загружен MSVCRTD.lib(_init_.obj)
        Найден ___security_cookie
          Имеются ссылки в ConsoleApplication1.obj
          Имеются ссылки в MSVCRTD.lib(_secchk_.obj)
          Загружен MSVCRTD.lib(gs_cookie.obj)
        Найден _wmainCRTStartup
          Загружен MSVCRTD.lib(exe_wmain.obj)
        Найден "void __cdecl _RTC_Failure(void *,int)" (?_RTC_Failure@@YAXPAXH@Z)
          Имеются ссылки в MSVCRTD.lib(_stack_.obj)
          Загружен MSVCRTD.lib(_error_.obj)
        Найден ___report_gsfailure
          Имеются ссылки в MSVCRTD.lib(_secchk_.obj)
          Загружен MSVCRTD.lib(gs_report.obj)
        Найден __RTC_SetErrorFuncW
          Имеются ссылки в MSVCRTD.lib(_init_.obj)
          Загружен MSVCRTD.lib(_userapi_.obj)
        Найден _atexit
          Имеются ссылки в MSVCRTD.lib(exe_wmain.obj)
          Загружен MSVCRTD.lib(utility.obj)
        Найден ___security_init_cookie
          Имеются ссылки в MSVCRTD.lib(exe_wmain.obj)
          Загружен MSVCRTD.lib(gs_support.obj)
        Найден __matherr
          Имеются ссылки в MSVCRTD.lib(exe_wmain.obj)
          Загружен MSVCRTD.lib(matherr.obj)
        Найден __get_startup_argv_mode
          Имеются ссылки в MSVCRTD.lib(exe_wmain.obj)
          Имеются ссылки в MSVCRTD.lib(utility.obj)
          Загружен MSVCRTD.lib(argv_mode.obj)
        Найден __get_startup_commit_mode
          Имеются ссылки в MSVCRTD.lib(exe_wmain.obj)
          Загружен MSVCRTD.lib(commit_mode.obj)
        Найден __get_startup_file_mode
          Имеются ссылки в MSVCRTD.lib(exe_wmain.obj)
          Загружен MSVCRTD.lib(file_mode.obj)
        Найден __get_startup_new_mode
          Имеются ссылки в MSVCRTD.lib(exe_wmain.obj)
          Загружен MSVCRTD.lib(new_mode.obj)
        Найден __get_startup_thread_locale_mode
          Имеются ссылки в MSVCRTD.lib(exe_wmain.obj)
          Загружен MSVCRTD.lib(thread_locale.obj)
        Найден "void __cdecl __scrt_initialize_type_info(void)" (?__scrt_initialize_type_info@@YAXXZ)
          Имеются ссылки в MSVCRTD.lib(exe_wmain.obj)
          Загружен MSVCRTD.lib(tncleanup.obj)
        Найден __should_initialize_environment
          Имеются ссылки в MSVCRTD.lib(exe_wmain.obj)
          Загружен MSVCRTD.lib(env_mode.obj)
        Найден __initialize_default_precision
          Имеются ссылки в MSVCRTD.lib(exe_wmain.obj)
          Загружен MSVCRTD.lib(default_precision.obj)
        Найден __initialize_invalid_parameter_handler
          Имеются ссылки в MSVCRTD.lib(exe_wmain.obj)
          Загружен MSVCRTD.lib(invalid_parameter_handler.obj)
        Найден __initialize_denormal_control
          Имеются ссылки в MSVCRTD.lib(exe_wmain.obj)
          Загружен MSVCRTD.lib(denormal_control.obj)
        Найден ___scrt_initialize_default_local_stdio_options
          Имеются ссылки в MSVCRTD.lib(exe_wmain.obj)
          Загружен MSVCRTD.lib(default_local_stdio_options.obj)
        Найден ___scrt_is_user_matherr_present
          Имеются ссылки в MSVCRTD.lib(exe_wmain.obj)
          Загружен MSVCRTD.lib(matherr_detection.obj)
        Найден ___scrt_get_dyn_tls_init_callback
          Имеются ссылки в MSVCRTD.lib(exe_wmain.obj)
          Загружен MSVCRTD.lib(dyn_tls_init.obj)
        Найден ___scrt_get_dyn_tls_dtor_callback
          Имеются ссылки в MSVCRTD.lib(exe_wmain.obj)
          Загружен MSVCRTD.lib(dyn_tls_dtor.obj)
        Найден ___scrt_is_managed_app
          Имеются ссылки в MSVCRTD.lib(exe_wmain.obj)
          Загружен MSVCRTD.lib(utility_desktop.obj)
        Найден __RTC_Initialize
          Имеются ссылки в MSVCRTD.lib(exe_wmain.obj)
          Загружен MSVCRTD.lib(_initsect_.obj)
        Найден @_guard_check_icall@4
          Имеются ссылки в MSVCRTD.lib(exe_wmain.obj)
          Имеются ссылки в MSVCRTD.lib(_error_.obj)
          Имеются ссылки в MSVCRTD.lib(utility.obj)
          Имеются ссылки в MSVCRTD.lib(_initsect_.obj)
          Загружен MSVCRTD.lib(checkcfg.obj)
        Найден __except_handler4
          Имеются ссылки в MSVCRTD.lib(exe_wmain.obj)
          Имеются ссылки в MSVCRTD.lib(_error_.obj)
          Имеются ссылки в MSVCRTD.lib(utility.obj)
          Загружен MSVCRTD.lib(_chandler4gs_.obj)
        Найден ___xi_a
          Имеются ссылки в MSVCRTD.lib(exe_wmain.obj)
          Загружен MSVCRTD.lib(initializers.obj)
  Обработан параметр /DEFAULTLIB:kernel32.lib
   Обработан /DISALLOWLIB:msvcrt.lib
   Обработан /DISALLOWLIB:libcmt.lib
   Обработан /DISALLOWLIB:libcmtd.lib
   Обработан /DISALLOWLIB:vcruntime.lib
  Обработан параметр /DEFAULTLIB:vcruntimed.lib
   Обработан /DISALLOWLIB:libvcruntime.lib
   Обработан /DISALLOWLIB:libvcruntimed.lib
   Обработан /DISALLOWLIB:ucrt.lib
  Обработан параметр /DEFAULTLIB:ucrtd.lib
   Обработан /DISALLOWLIB:libucrt.lib
   Обработан /DISALLOWLIB:libucrtd.lib
        Найден "int __cdecl _RTC_GetSrcLine(unsigned char *,wchar_t *,unsigned long,int *,wchar_t *,unsigned long)" (?_RTC_GetSrcLine@@YAHPAEPA_WKPAH1K@Z)
          Имеются ссылки в MSVCRTD.lib(_error_.obj)
          Загружен MSVCRTD.lib(_pdblkup_.obj)
        Найден ___isa_available_init
          Имеются ссылки в MSVCRTD.lib(utility.obj)
          Загружен MSVCRTD.lib(_cpu_disp_.obj)
        Найден ___scrt_is_ucrt_dll_in_use
          Имеются ссылки в MSVCRTD.lib(utility.obj)
          Загружен MSVCRTD.lib(ucrt_detection.obj)
        Найден ___guard_check_icall_fptr
          Имеются ссылки в MSVCRTD.lib(checkcfg.obj)
          Загружен MSVCRTD.lib(guard_support.obj)
      Поиск C:\Program Files (x86)\Microsoft Visual Studio\2017\Community\VC\Tools\MSVC\14.12.25827\lib\x86\OLDNAMES.lib:
      Поиск C:\Program Files (x86)\Microsoft Visual Studio\2017\Community\VC\Tools\MSVC\14.12.25827\lib\x86\vcruntimed.lib:
        Найден ___std_type_info_destroy_list
          Имеются ссылки в MSVCRTD.lib(tncleanup.obj)
          Загружен vcruntimed.lib(VCRUNTIME140D.dll)
        Найден _memset
          Имеются ссылки в MSVCRTD.lib(utility_desktop.obj)
          Загружен vcruntimed.lib(VCRUNTIME140D.dll)
        Найден __except_handler4_common
          Имеются ссылки в MSVCRTD.lib(_chandler4gs_.obj)
          Загружен vcruntimed.lib(VCRUNTIME140D.dll)
        Найден ___vcrt_GetModuleFileNameW
          Имеются ссылки в MSVCRTD.lib(_pdblkup_.obj)
          Загружен vcruntimed.lib(VCRUNTIME140D.dll)
        Найден ___vcrt_GetModuleHandleW
          Имеются ссылки в MSVCRTD.lib(_pdblkup_.obj)
          Загружен vcruntimed.lib(VCRUNTIME140D.dll)
        Найден ___vcrt_LoadLibraryExW
          Имеются ссылки в MSVCRTD.lib(_pdblkup_.obj)
          Загружен vcruntimed.lib(VCRUNTIME140D.dll)
        Найден __IMPORT_DESCRIPTOR_VCRUNTIME140D
          Имеются ссылки в vcruntimed.lib(VCRUNTIME140D.dll)
          Имеются ссылки в vcruntimed.lib(VCRUNTIME140D.dll)
          Имеются ссылки в vcruntimed.lib(VCRUNTIME140D.dll)
          Имеются ссылки в vcruntimed.lib(VCRUNTIME140D.dll)
          Имеются ссылки в vcruntimed.lib(VCRUNTIME140D.dll)
          Имеются ссылки в vcruntimed.lib(VCRUNTIME140D.dll)
          Загружен vcruntimed.lib(VCRUNTIME140D.dll)
        Найден __NULL_IMPORT_DESCRIPTOR
          Имеются ссылки в vcruntimed.lib(VCRUNTIME140D.dll)
          Загружен vcruntimed.lib(VCRUNTIME140D.dll)
        Найден VCRUNTIME140D_NULL_THUNK_DATA
          Имеются ссылки в vcruntimed.lib(VCRUNTIME140D.dll)
          Загружен vcruntimed.lib(VCRUNTIME140D.dll)
      Поиск C:\Program Files (x86)\Windows Kits\10\lib\10.0.16299.0\ucrt\x86\ucrtd.lib:
        Найден __CrtDbgReport
          Имеются ссылки в MSVCRTD.lib(_init_.obj)
          Загружен ucrtd.lib(ucrtbased.dll)
        Найден __CrtDbgReportW
          Имеются ссылки в MSVCRTD.lib(_init_.obj)
          Загружен ucrtd.lib(ucrtbased.dll)
        Найден __seh_filter_exe
          Имеются ссылки в MSVCRTD.lib(exe_wmain.obj)
          Загружен ucrtd.lib(ucrtbased.dll)
        Найден __set_app_type
          Имеются ссылки в MSVCRTD.lib(exe_wmain.obj)
          Загружен ucrtd.lib(ucrtbased.dll)
        Найден ___setusermatherr
          Имеются ссылки в MSVCRTD.lib(exe_wmain.obj)
          Загружен ucrtd.lib(ucrtbased.dll)
        Найден __configure_wide_argv
          Имеются ссылки в MSVCRTD.lib(exe_wmain.obj)
          Загружен ucrtd.lib(ucrtbased.dll)
        Найден __initialize_wide_environment
          Имеются ссылки в MSVCRTD.lib(exe_wmain.obj)
          Загружен ucrtd.lib(ucrtbased.dll)
        Найден __get_initial_wide_environment
          Имеются ссылки в MSVCRTD.lib(exe_wmain.obj)
          Загружен ucrtd.lib(ucrtbased.dll)
        Найден __initterm
          Имеются ссылки в MSVCRTD.lib(exe_wmain.obj)
          Загружен ucrtd.lib(ucrtbased.dll)
        Найден __initterm_e
          Имеются ссылки в MSVCRTD.lib(exe_wmain.obj)
          Загружен ucrtd.lib(ucrtbased.dll)
        Найден _exit
          Имеются ссылки в MSVCRTD.lib(exe_wmain.obj)
          Загружен ucrtd.lib(ucrtbased.dll)
        Найден __exit
          Имеются ссылки в MSVCRTD.lib(exe_wmain.obj)
          Загружен ucrtd.lib(ucrtbased.dll)
        Найден __set_fmode
          Имеются ссылки в MSVCRTD.lib(exe_wmain.obj)
          Загружен ucrtd.lib(ucrtbased.dll)
        Найден ___p___argc
          Имеются ссылки в MSVCRTD.lib(exe_wmain.obj)
          Загружен ucrtd.lib(ucrtbased.dll)
        Найден ___p___wargv
          Имеются ссылки в MSVCRTD.lib(exe_wmain.obj)
          Загружен ucrtd.lib(ucrtbased.dll)
        Найден __cexit
          Имеются ссылки в MSVCRTD.lib(exe_wmain.obj)
          Имеются ссылки в MSVCRTD.lib(utility.obj)
          Загружен ucrtd.lib(ucrtbased.dll)
        Найден __c_exit
          Имеются ссылки в MSVCRTD.lib(exe_wmain.obj)
          Загружен ucrtd.lib(ucrtbased.dll)
        Найден __register_thread_local_exe_atexit_callback
          Имеются ссылки в MSVCRTD.lib(exe_wmain.obj)
          Загружен ucrtd.lib(ucrtbased.dll)
        Найден __configthreadlocale
          Имеются ссылки в MSVCRTD.lib(exe_wmain.obj)
          Загружен ucrtd.lib(ucrtbased.dll)
        Найден __set_new_mode
          Имеются ссылки в MSVCRTD.lib(exe_wmain.obj)
          Загружен ucrtd.lib(ucrtbased.dll)
        Найден ___p__commode
          Имеются ссылки в MSVCRTD.lib(exe_wmain.obj)
          Загружен ucrtd.lib(ucrtbased.dll)
        Найден _strcpy_s
          Имеются ссылки в MSVCRTD.lib(_error_.obj)
          Загружен ucrtd.lib(ucrtbased.dll)
        Найден _strcat_s
          Имеются ссылки в MSVCRTD.lib(_error_.obj)
          Загружен ucrtd.lib(ucrtbased.dll)
        Найден ___stdio_common_vsprintf_s
          Имеются ссылки в MSVCRTD.lib(_error_.obj)
          Загружен ucrtd.lib(ucrtbased.dll)
        Найден __seh_filter_dll
          Имеются ссылки в MSVCRTD.lib(utility.obj)
          Загружен ucrtd.lib(ucrtbased.dll)
        Найден __configure_narrow_argv
          Имеются ссылки в MSVCRTD.lib(utility.obj)
          Загружен ucrtd.lib(ucrtbased.dll)
        Найден __initialize_narrow_environment
          Имеются ссылки в MSVCRTD.lib(utility.obj)
          Загружен ucrtd.lib(ucrtbased.dll)
        Найден __initialize_onexit_table
          Имеются ссылки в MSVCRTD.lib(utility.obj)
          Загружен ucrtd.lib(ucrtbased.dll)
        Найден __register_onexit_function
          Имеются ссылки в MSVCRTD.lib(utility.obj)
          Загружен ucrtd.lib(ucrtbased.dll)
        Найден __execute_onexit_table
          Имеются ссылки в MSVCRTD.lib(utility.obj)
          Загружен ucrtd.lib(ucrtbased.dll)
        Найден __crt_atexit
          Имеются ссылки в MSVCRTD.lib(utility.obj)
          Загружен ucrtd.lib(ucrtbased.dll)
        Найден __crt_at_quick_exit
          Имеются ссылки в MSVCRTD.lib(utility.obj)
          Загружен ucrtd.lib(ucrtbased.dll)
        Найден __controlfp_s
          Имеются ссылки в MSVCRTD.lib(default_precision.obj)
          Загружен ucrtd.lib(ucrtbased.dll)
        Найден _terminate
          Имеются ссылки в MSVCRTD.lib(utility_desktop.obj)
          Загружен ucrtd.lib(ucrtbased.dll)
        Найден __wmakepath_s
          Имеются ссылки в MSVCRTD.lib(_pdblkup_.obj)
          Загружен ucrtd.lib(ucrtbased.dll)
        Найден __wsplitpath_s
          Имеются ссылки в MSVCRTD.lib(_pdblkup_.obj)
          Загружен ucrtd.lib(ucrtbased.dll)
        Найден _wcscpy_s
          Имеются ссылки в MSVCRTD.lib(_pdblkup_.obj)
          Загружен ucrtd.lib(ucrtbased.dll)
        Найден __IMPORT_DESCRIPTOR_ucrtbased
          Имеются ссылки в ucrtd.lib(ucrtbased.dll)
          Имеются ссылки в ucrtd.lib(ucrtbased.dll)
          Имеются ссылки в ucrtd.lib(ucrtbased.dll)
          Имеются ссылки в ucrtd.lib(ucrtbased.dll)
          Имеются ссылки в ucrtd.lib(ucrtbased.dll)
          Имеются ссылки в ucrtd.lib(ucrtbased.dll)
          Имеются ссылки в ucrtd.lib(ucrtbased.dll)
          Имеются ссылки в ucrtd.lib(ucrtbased.dll)
          Имеются ссылки в ucrtd.lib(ucrtbased.dll)
          Имеются ссылки в ucrtd.lib(ucrtbased.dll)
          Имеются ссылки в ucrtd.lib(ucrtbased.dll)
          Имеются ссылки в ucrtd.lib(ucrtbased.dll)
          Имеются ссылки в ucrtd.lib(ucrtbased.dll)
          Имеются ссылки в ucrtd.lib(ucrtbased.dll)
          Имеются ссылки в ucrtd.lib(ucrtbased.dll)
          Имеются ссылки в ucrtd.lib(ucrtbased.dll)
          Имеются ссылки в ucrtd.lib(ucrtbased.dll)
          Имеются ссылки в ucrtd.lib(ucrtbased.dll)
          Имеются ссылки в ucrtd.lib(ucrtbased.dll)
          Имеются ссылки в ucrtd.lib(ucrtbased.dll)
          Имеются ссылки в ucrtd.lib(ucrtbased.dll)
          Имеются ссылки в ucrtd.lib(ucrtbased.dll)
          Имеются ссылки в ucrtd.lib(ucrtbased.dll)
          Имеются ссылки в ucrtd.lib(ucrtbased.dll)
          Имеются ссылки в ucrtd.lib(ucrtbased.dll)
          Имеются ссылки в ucrtd.lib(ucrtbased.dll)
          Имеются ссылки в ucrtd.lib(ucrtbased.dll)
          Имеются ссылки в ucrtd.lib(ucrtbased.dll)
          Имеются ссылки в ucrtd.lib(ucrtbased.dll)
          Имеются ссылки в ucrtd.lib(ucrtbased.dll)
          Имеются ссылки в ucrtd.lib(ucrtbased.dll)
          Имеются ссылки в ucrtd.lib(ucrtbased.dll)
          Имеются ссылки в ucrtd.lib(ucrtbased.dll)
          Имеются ссылки в ucrtd.lib(ucrtbased.dll)
          Имеются ссылки в ucrtd.lib(ucrtbased.dll)
          Имеются ссылки в ucrtd.lib(ucrtbased.dll)
          Имеются ссылки в ucrtd.lib(ucrtbased.dll)
          Загружен ucrtd.lib(ucrtbased.dll)
        Найден ucrtbased_NULL_THUNK_DATA
          Имеются ссылки в ucrtd.lib(ucrtbased.dll)
          Загружен ucrtd.lib(ucrtbased.dll)
      Поиск C:\Program Files (x86)\Windows Kits\10\lib\10.0.16299.0\um\x86\kernel32.lib:
        Найден __imp__IsDebuggerPresent@0
          Имеются ссылки в MSVCRTD.lib(_error_.obj)
          Имеются ссылки в MSVCRTD.lib(utility_desktop.obj)
          Загружен kernel32.lib(KERNEL32.dll)
        Найден __imp__RaiseException@16
          Имеются ссылки в MSVCRTD.lib(_error_.obj)
          Загружен kernel32.lib(KERNEL32.dll)
        Найден __imp__MultiByteToWideChar@24
          Имеются ссылки в MSVCRTD.lib(_error_.obj)
          Загружен kernel32.lib(KERNEL32.dll)
        Найден __imp__WideCharToMultiByte@32
          Имеются ссылки в MSVCRTD.lib(_error_.obj)
          Загружен kernel32.lib(KERNEL32.dll)
        Найден __imp__UnhandledExceptionFilter@4
          Имеются ссылки в MSVCRTD.lib(gs_report.obj)
          Имеются ссылки в MSVCRTD.lib(utility_desktop.obj)
          Загружен kernel32.lib(KERNEL32.dll)
        Найден __imp__SetUnhandledExceptionFilter@4
          Имеются ссылки в MSVCRTD.lib(gs_report.obj)
          Имеются ссылки в MSVCRTD.lib(utility_desktop.obj)
          Загружен kernel32.lib(KERNEL32.dll)
        Найден __imp__GetCurrentProcess@0
          Имеются ссылки в MSVCRTD.lib(gs_report.obj)
          Загружен kernel32.lib(KERNEL32.dll)
        Найден __imp__TerminateProcess@8
          Имеются ссылки в MSVCRTD.lib(gs_report.obj)
          Загружен kernel32.lib(KERNEL32.dll)
        Найден _IsProcessorFeaturePresent@4
          Имеются ссылки в MSVCRTD.lib(gs_report.obj)
          Имеются ссылки в MSVCRTD.lib(utility_desktop.obj)
          Имеются ссылки в MSVCRTD.lib(_cpu_disp_.obj)
          Загружен kernel32.lib(KERNEL32.dll)
        Найден __imp__QueryPerformanceCounter@4
          Имеются ссылки в MSVCRTD.lib(gs_support.obj)
          Загружен kernel32.lib(KERNEL32.dll)
        Найден __imp__GetCurrentProcessId@0
          Имеются ссылки в MSVCRTD.lib(gs_support.obj)
          Загружен kernel32.lib(KERNEL32.dll)
        Найден __imp__GetCurrentThreadId@0
          Имеются ссылки в MSVCRTD.lib(gs_support.obj)
          Загружен kernel32.lib(KERNEL32.dll)
        Найден __imp__GetSystemTimeAsFileTime@4
          Имеются ссылки в MSVCRTD.lib(gs_support.obj)
          Загружен kernel32.lib(KERNEL32.dll)
        Найден __imp__InitializeSListHead@4
          Имеются ссылки в MSVCRTD.lib(tncleanup.obj)
          Загружен kernel32.lib(KERNEL32.dll)
        Найден __imp__GetStartupInfoW@4
          Имеются ссылки в MSVCRTD.lib(utility_desktop.obj)
          Загружен kernel32.lib(KERNEL32.dll)
        Найден __imp__GetModuleHandleW@4
          Имеются ссылки в MSVCRTD.lib(utility_desktop.obj)
          Загружен kernel32.lib(KERNEL32.dll)
        Найден __imp__GetLastError@0
          Имеются ссылки в MSVCRTD.lib(_pdblkup_.obj)
          Загружен kernel32.lib(KERNEL32.dll)
        Найден __imp__HeapAlloc@12
          Имеются ссылки в MSVCRTD.lib(_pdblkup_.obj)
          Загружен kernel32.lib(KERNEL32.dll)
        Найден __imp__HeapFree@12
          Имеются ссылки в MSVCRTD.lib(_pdblkup_.obj)
          Загружен kernel32.lib(KERNEL32.dll)
        Найден __imp__GetProcessHeap@0
          Имеются ссылки в MSVCRTD.lib(_pdblkup_.obj)
          Загружен kernel32.lib(KERNEL32.dll)
        Найден __imp__VirtualQuery@12
          Имеются ссылки в MSVCRTD.lib(_pdblkup_.obj)
          Загружен kernel32.lib(KERNEL32.dll)
        Найден __imp__FreeLibrary@4
          Имеются ссылки в MSVCRTD.lib(_pdblkup_.obj)
          Загружен kernel32.lib(KERNEL32.dll)
        Найден __imp__GetProcAddress@8
          Имеются ссылки в MSVCRTD.lib(_pdblkup_.obj)
          Загружен kernel32.lib(KERNEL32.dll)
        Найден __IMPORT_DESCRIPTOR_KERNEL32
          Имеются ссылки в kernel32.lib(KERNEL32.dll)
          Имеются ссылки в kernel32.lib(KERNEL32.dll)
          Имеются ссылки в kernel32.lib(KERNEL32.dll)
          Имеются ссылки в kernel32.lib(KERNEL32.dll)
          Имеются ссылки в kernel32.lib(KERNEL32.dll)
          Имеются ссылки в kernel32.lib(KERNEL32.dll)
          Имеются ссылки в kernel32.lib(KERNEL32.dll)
          Имеются ссылки в kernel32.lib(KERNEL32.dll)
          Имеются ссылки в kernel32.lib(KERNEL32.dll)
          Имеются ссылки в kernel32.lib(KERNEL32.dll)
          Имеются ссылки в kernel32.lib(KERNEL32.dll)
          Имеются ссылки в kernel32.lib(KERNEL32.dll)
          Имеются ссылки в kernel32.lib(KERNEL32.dll)
          Имеются ссылки в kernel32.lib(KERNEL32.dll)
          Имеются ссылки в kernel32.lib(KERNEL32.dll)
          Имеются ссылки в kernel32.lib(KERNEL32.dll)
          Имеются ссылки в kernel32.lib(KERNEL32.dll)
          Имеются ссылки в kernel32.lib(KERNEL32.dll)
          Имеются ссылки в kernel32.lib(KERNEL32.dll)
          Имеются ссылки в kernel32.lib(KERNEL32.dll)
          Имеются ссылки в kernel32.lib(KERNEL32.dll)
          Имеются ссылки в kernel32.lib(KERNEL32.dll)
          Имеются ссылки в kernel32.lib(KERNEL32.dll)
          Загружен kernel32.lib(KERNEL32.dll)
        Найден KERNEL32_NULL_THUNK_DATA
          Имеются ссылки в kernel32.lib(KERNEL32.dll)
          Загружен kernel32.lib(KERNEL32.dll)
      Поиск C:\Program Files (x86)\Windows Kits\10\lib\10.0.16299.0\um\x86\user32.lib:
      Поиск C:\Program Files (x86)\Windows Kits\10\lib\10.0.16299.0\um\x86\gdi32.lib:
      Поиск C:\Program Files (x86)\Windows Kits\10\lib\10.0.16299.0\um\x86\winspool.lib:
      Поиск C:\Program Files (x86)\Windows Kits\10\lib\10.0.16299.0\um\x86\comdlg32.lib:
      Поиск C:\Program Files (x86)\Windows Kits\10\lib\10.0.16299.0\um\x86\advapi32.lib:
      Поиск C:\Program Files (x86)\Windows Kits\10\lib\10.0.16299.0\um\x86\shell32.lib:
      Поиск C:\Program Files (x86)\Windows Kits\10\lib\10.0.16299.0\um\x86\ole32.lib:
      Поиск C:\Program Files (x86)\Windows Kits\10\lib\10.0.16299.0\um\x86\oleaut32.lib:
      Поиск C:\Program Files (x86)\Windows Kits\10\lib\10.0.16299.0\um\x86\uuid.lib:
      Поиск C:\Program Files (x86)\Windows Kits\10\lib\10.0.16299.0\um\x86\odbc32.lib:
      Поиск C:\Program Files (x86)\Windows Kits\10\lib\10.0.16299.0\um\x86\odbccp32.lib:
      Поиск C:\Program Files (x86)\Microsoft Visual Studio\2017\Community\VC\Tools\MSVC\14.12.25827\lib\x86\MSVCRTD.lib:
      Поиск C:\Program Files (x86)\Microsoft Visual Studio\2017\Community\VC\Tools\MSVC\14.12.25827\lib\x86\OLDNAMES.lib:
      Поиск C:\Program Files (x86)\Microsoft Visual Studio\2017\Community\VC\Tools\MSVC\14.12.25827\lib\x86\vcruntimed.lib:
      Поиск C:\Program Files (x86)\Windows Kits\10\lib\10.0.16299.0\ucrt\x86\ucrtd.lib:
  
  Поиск библиотек завершен
  
  Поиск библиотек
      Поиск C:\Program Files (x86)\Windows Kits\10\lib\10.0.16299.0\um\x86\kernel32.lib:
      Поиск C:\Program Files (x86)\Windows Kits\10\lib\10.0.16299.0\um\x86\user32.lib:
      Поиск C:\Program Files (x86)\Windows Kits\10\lib\10.0.16299.0\um\x86\gdi32.lib:
      Поиск C:\Program Files (x86)\Windows Kits\10\lib\10.0.16299.0\um\x86\winspool.lib:
      Поиск C:\Program Files (x86)\Windows Kits\10\lib\10.0.16299.0\um\x86\comdlg32.lib:
      Поиск C:\Program Files (x86)\Windows Kits\10\lib\10.0.16299.0\um\x86\advapi32.lib:
      Поиск C:\Program Files (x86)\Windows Kits\10\lib\10.0.16299.0\um\x86\shell32.lib:
      Поиск C:\Program Files (x86)\Windows Kits\10\lib\10.0.16299.0\um\x86\ole32.lib:
      Поиск C:\Program Files (x86)\Windows Kits\10\lib\10.0.16299.0\um\x86\oleaut32.lib:
      Поиск C:\Program Files (x86)\Windows Kits\10\lib\10.0.16299.0\um\x86\uuid.lib:
      Поиск C:\Program Files (x86)\Windows Kits\10\lib\10.0.16299.0\um\x86\odbc32.lib:
      Поиск C:\Program Files (x86)\Windows Kits\10\lib\10.0.16299.0\um\x86\odbccp32.lib:
      Поиск C:\Program Files (x86)\Microsoft Visual Studio\2017\Community\VC\Tools\MSVC\14.12.25827\lib\x86\MSVCRTD.lib:
        Найден ___scrt_stub_for_acrt_initialize
          Загружен MSVCRTD.lib(ucrt_stubs.obj)
      Поиск C:\Program Files (x86)\Microsoft Visual Studio\2017\Community\VC\Tools\MSVC\14.12.25827\lib\x86\OLDNAMES.lib:
      Поиск C:\Program Files (x86)\Microsoft Visual Studio\2017\Community\VC\Tools\MSVC\14.12.25827\lib\x86\vcruntimed.lib:
      Поиск C:\Program Files (x86)\Windows Kits\10\lib\10.0.16299.0\ucrt\x86\ucrtd.lib:
  
  Поиск библиотек завершен
  
  1-ый проход завершен
  
  Создание не-SAFESEH образа.
  
  Поиск библиотек
      Поиск C:\Program Files (x86)\Windows Kits\10\lib\10.0.16299.0\um\x86\kernel32.lib:
      Поиск C:\Program Files (x86)\Windows Kits\10\lib\10.0.16299.0\um\x86\user32.lib:
      Поиск C:\Program Files (x86)\Windows Kits\10\lib\10.0.16299.0\um\x86\gdi32.lib:
      Поиск C:\Program Files (x86)\Windows Kits\10\lib\10.0.16299.0\um\x86\winspool.lib:
      Поиск C:\Program Files (x86)\Windows Kits\10\lib\10.0.16299.0\um\x86\comdlg32.lib:
      Поиск C:\Program Files (x86)\Windows Kits\10\lib\10.0.16299.0\um\x86\advapi32.lib:
      Поиск C:\Program Files (x86)\Windows Kits\10\lib\10.0.16299.0\um\x86\shell32.lib:
      Поиск C:\Program Files (x86)\Windows Kits\10\lib\10.0.16299.0\um\x86\ole32.lib:
      Поиск C:\Program Files (x86)\Windows Kits\10\lib\10.0.16299.0\um\x86\oleaut32.lib:
      Поиск C:\Program Files (x86)\Windows Kits\10\lib\10.0.16299.0\um\x86\uuid.lib:
      Поиск C:\Program Files (x86)\Windows Kits\10\lib\10.0.16299.0\um\x86\odbc32.lib:
      Поиск C:\Program Files (x86)\Windows Kits\10\lib\10.0.16299.0\um\x86\odbccp32.lib:
      Поиск C:\Program Files (x86)\Microsoft Visual Studio\2017\Community\VC\Tools\MSVC\14.12.25827\lib\x86\MSVCRTD.lib:
        Найден __load_config_used
          Загружен MSVCRTD.lib(loadcfg.obj)
  
  Поиск библиотек завершен
  
  Вызов rc.exe:
   /v
   /x
   /fo
   "C:\Users\ANANAS~1\AppData\Local\Temp\lnk{C7429754-F20C-4281-9C6D-A88C69E8F3C1}.tmp"
   "C:\Users\ANANAS~1\AppData\Local\Temp\lnk{E453C05F-DEBF-4995-AD7C-09F3D87D17B0}.tmp"
  Microsoft (R) Windows (R) Resource Compiler Version 10.0.10011.16384
  
  Copyright (C) Microsoft Corporation.  All rights reserved.
  
  
  Creating C:\Users\ANANAS~1\AppData\Local\Temp\lnk{C7429754-F20C-4281-9C6D-A88C69E8F3C1}.tmp
  
  Using codepage 1251 as default
  
  C:\Users\ANANAS~1\AppData\Local\Temp\lnk{E453C05F-DEBF-4995-AD7C-09F3D87D17B0}.tmp.
  Writing 24:1,	lang:0x409,	size 381
  
  Вызов cvtres.exe:
   /machine:x86
   /verbose
   /out:"C:\Users\ANANAS~1\AppData\Local\Temp\lnk{3CFA11C4-6D96-4D69-8660-ABB944F87C26}.tmp"
   /readonly
   "C:\Users\ANANAS~1\AppData\Local\Temp\lnk{C7429754-F20C-4281-9C6D-A88C69E8F3C1}.tmp"
  ╩юэтхЁЄхЁ ЁхёєЁёют Windows т юс·хъЄ√ (Microsoft (R)), тхЁёш  14.12.25835.0
  (C) ╩юЁяюЁрЎш  ╠рщъЁюёюЇЄ (Microsoft Corp.). ┬ёх яЁртр чр∙ш∙хэ√.
  
  фюсртыхэшх ЁхёєЁёр. Єшя: MANIFEST, шь : 1,  ч√ъ: 0x0409, Їыруш: 0x30, ЁрчьхЁ: 381
  
  Неиспользуемые библиотеки:
    C:\Program Files (x86)\Windows Kits\10\lib\10.0.16299.0\um\x86\user32.lib
    C:\Program Files (x86)\Windows Kits\10\lib\10.0.16299.0\um\x86\gdi32.lib
    C:\Program Files (x86)\Windows Kits\10\lib\10.0.16299.0\um\x86\winspool.lib
    C:\Program Files (x86)\Windows Kits\10\lib\10.0.16299.0\um\x86\comdlg32.lib
    C:\Program Files (x86)\Windows Kits\10\lib\10.0.16299.0\um\x86\advapi32.lib
    C:\Program Files (x86)\Windows Kits\10\lib\10.0.16299.0\um\x86\shell32.lib
    C:\Program Files (x86)\Windows Kits\10\lib\10.0.16299.0\um\x86\ole32.lib
    C:\Program Files (x86)\Windows Kits\10\lib\10.0.16299.0\um\x86\oleaut32.lib
    C:\Program Files (x86)\Windows Kits\10\lib\10.0.16299.0\um\x86\uuid.lib
    C:\Program Files (x86)\Windows Kits\10\lib\10.0.16299.0\um\x86\odbc32.lib
    C:\Program Files (x86)\Windows Kits\10\lib\10.0.16299.0\um\x86\odbccp32.lib
    C:\Program Files (x86)\Microsoft Visual Studio\2017\Community\VC\Tools\MSVC\14.12.25827\lib\x86\OLDNAMES.lib
  
  Запуск 2-го прохода
       * linker generated manifest res *
       dlinastroki.obj
       copystr.obj
       stdafx.obj
       ConsoleApplication1.obj
       kernel32.lib(KERNEL32.dll)
       kernel32.lib(KERNEL32.dll)
       kernel32.lib(KERNEL32.dll)
       kernel32.lib(KERNEL32.dll)
       kernel32.lib(KERNEL32.dll)
       kernel32.lib(KERNEL32.dll)
       kernel32.lib(KERNEL32.dll)
       kernel32.lib(KERNEL32.dll)
       kernel32.lib(KERNEL32.dll)
       kernel32.lib(KERNEL32.dll)
       kernel32.lib(KERNEL32.dll)
       kernel32.lib(KERNEL32.dll)
       kernel32.lib(KERNEL32.dll)
       kernel32.lib(KERNEL32.dll)
       kernel32.lib(KERNEL32.dll)
       kernel32.lib(KERNEL32.dll)
       kernel32.lib(KERNEL32.dll)
       kernel32.lib(KERNEL32.dll)
       kernel32.lib(KERNEL32.dll)
       kernel32.lib(KERNEL32.dll)
       kernel32.lib(KERNEL32.dll)
       kernel32.lib(KERNEL32.dll)
       kernel32.lib(KERNEL32.dll)
       kernel32.lib(KERNEL32.dll)
       kernel32.lib(KERNEL32.dll)
       MSVCRTD.lib(_cpu_disp_.obj)
       MSVCRTD.lib(_error_.obj)
       MSVCRTD.lib(_init_.obj)
       MSVCRTD.lib(_initsect_.obj)
       MSVCRTD.lib(_pdblkup_.obj)
       MSVCRTD.lib(_stack_.obj)
       MSVCRTD.lib(_userapi_.obj)
       MSVCRTD.lib(_chandler4gs_.obj)
       MSVCRTD.lib(_secchk_.obj)
       MSVCRTD.lib(gs_cookie.obj)
       MSVCRTD.lib(gs_report.obj)
       MSVCRTD.lib(gs_support.obj)
       MSVCRTD.lib(checkcfg.obj)
       MSVCRTD.lib(guard_support.obj)
       MSVCRTD.lib(loadcfg.obj)
       MSVCRTD.lib(dyn_tls_dtor.obj)
       MSVCRTD.lib(dyn_tls_init.obj)
       MSVCRTD.lib(matherr_detection.obj)
       MSVCRTD.lib(ucrt_detection.obj)
       MSVCRTD.lib(argv_mode.obj)
       MSVCRTD.lib(commit_mode.obj)
       MSVCRTD.lib(default_local_stdio_options.obj)
       MSVCRTD.lib(denormal_control.obj)
       MSVCRTD.lib(env_mode.obj)
       MSVCRTD.lib(file_mode.obj)
       MSVCRTD.lib(invalid_parameter_handler.obj)
       MSVCRTD.lib(matherr.obj)
       MSVCRTD.lib(new_mode.obj)
       MSVCRTD.lib(thread_locale.obj)
       MSVCRTD.lib(tncleanup.obj)
       MSVCRTD.lib(exe_wmain.obj)
       MSVCRTD.lib(initializers.obj)
       MSVCRTD.lib(utility.obj)
       MSVCRTD.lib(ucrt_stubs.obj)
       MSVCRTD.lib(utility_desktop.obj)
       MSVCRTD.lib(default_precision.obj)
       vcruntimed.lib(VCRUNTIME140D.dll)
       vcruntimed.lib(VCRUNTIME140D.dll)
       vcruntimed.lib(VCRUNTIME140D.dll)
       vcruntimed.lib(VCRUNTIME140D.dll)
       vcruntimed.lib(VCRUNTIME140D.dll)
       vcruntimed.lib(VCRUNTIME140D.dll)
       vcruntimed.lib(VCRUNTIME140D.dll)
       vcruntimed.lib(VCRUNTIME140D.dll)
       vcruntimed.lib(VCRUNTIME140D.dll)
       ucrtd.lib(ucrtbased.dll)
       ucrtd.lib(ucrtbased.dll)
       ucrtd.lib(ucrtbased.dll)
       ucrtd.lib(ucrtbased.dll)
       ucrtd.lib(ucrtbased.dll)
       ucrtd.lib(ucrtbased.dll)
       ucrtd.lib(ucrtbased.dll)
       ucrtd.lib(ucrtbased.dll)
       ucrtd.lib(ucrtbased.dll)
       ucrtd.lib(ucrtbased.dll)
       ucrtd.lib(ucrtbased.dll)
       ucrtd.lib(ucrtbased.dll)
       ucrtd.lib(ucrtbased.dll)
       ucrtd.lib(ucrtbased.dll)
       ucrtd.lib(ucrtbased.dll)
       ucrtd.lib(ucrtbased.dll)
       ucrtd.lib(ucrtbased.dll)
       ucrtd.lib(ucrtbased.dll)
       ucrtd.lib(ucrtbased.dll)
       ucrtd.lib(ucrtbased.dll)
       ucrtd.lib(ucrtbased.dll)
       ucrtd.lib(ucrtbased.dll)
       ucrtd.lib(ucrtbased.dll)
       ucrtd.lib(ucrtbased.dll)
       ucrtd.lib(ucrtbased.dll)
       ucrtd.lib(ucrtbased.dll)
       ucrtd.lib(ucrtbased.dll)
       ucrtd.lib(ucrtbased.dll)
       ucrtd.lib(ucrtbased.dll)
       ucrtd.lib(ucrtbased.dll)
       ucrtd.lib(ucrtbased.dll)
       ucrtd.lib(ucrtbased.dll)
       ucrtd.lib(ucrtbased.dll)
       ucrtd.lib(ucrtbased.dll)
       ucrtd.lib(ucrtbased.dll)
       ucrtd.lib(ucrtbased.dll)
       ucrtd.lib(ucrtbased.dll)
       ucrtd.lib(ucrtbased.dll)
       ucrtd.lib(ucrtbased.dll)
  2-ой проход завершен
  ConsoleApplication1.vcxproj -> D:\sem4_all\asm\lab10\Debug\ConsoleApplication1.exe
