Turbo Assembler	 Version 5.3	    05-23-18 12:14:39	    Page 1
SetCler.ASM



      1					 ;—оставить подпрограмму с именем SetCler типа
      2					 ;   Procedure (var S:LONGWORD;	L:LONGWORD; N:LONGWORD;	P:LONGWORD)
      3					 ;выполн€ющую установку	разр€да	N битовой строки S
      4					 ;в ноль, если P=0, в единицу,если P не	равен 0.
      5
      6					 .386
      7	00000000			 .model	FLAT,C
      8					 PUBLIC	SetCler
      9
     10	00000000			 .CODE
     11	00000000			 SetCler PROC
     12	00000000  55			   PUSH	EBP
     13	00000001  8B EC			   MOV EBP,ESP
     14
     15		  = DWORD PTR[EBP+8]	   S EQU DWORD PTR[EBP+8]	  ;наша	строка
     16		  = DWORD PTR[EBP+12]	   L EQU DWORD PTR[EBP+12]	  ;длина строки
     17		  = DWORD PTR[EBP+16]	   N EQU DWORD PTR[EBP+16]	  ;номер разр€да
     18		  = DWORD PTR[EBP+20]	   P EQU DWORD PTR[EBP+20]	  ;параметр
     19
     20	00000003  8B 4D	10		   MOV ECX,N ; ѕостараемс€ не пользоватьс€ ESI и EDI
     21	00000006  8B 5D	08		   MOV EBX,S
     22
     23	00000009  83 F9	20		   CMP ECX,32
     24	0000000C  76 0A	90 90 90 90	   JNA M0  ; ≈сли номер	разр€да	меньше или равен 32, то	в ћ0
     25
     26	00000012  83 E9	20		   SUB ECX,32 ;	»наче номер разр€да -= 32;
     27	00000015  83 C3	04		   ADD EBX,4 ; смещаем адрес строки на 4 байта вправо(как раз уйдет 32 бита)
     28
     29	00000018			 M0:
     30	00000018  83 7D	14 00		   CMP P,0			 ;сравниваем режим с нулем
     31	0000001C  74 0C	90 90 90 90	   JE M1			 ;если равно, то переходим на метку M1
     32	00000022  0F AB	0B		   BTS [EBX], ECX		 ;установка бита в 1
     33	00000025  EB 06	90 90 90	   JMP M2
     34	0000002A			 M1:
     35	0000002A  0F B3	0B		   BTR [EBX], ECX		 ;установка бита в 0
     36
     37	0000002D			 M2:
     38	0000002D  5D			   POP EBP
1    39	0000002E  C3				 RET	 00000h
     40	0000002F			 SetCler ENDP
     41					 END
Turbo Assembler	 Version 5.3	    05-23-18 12:14:39	    Page 2
Symbol Table




Symbol Name			  Type	 Value

??DATE				  Text	 "05-23-18"
??FILENAME			  Text	 "SetCler "
??TIME				  Text	 "12:14:39"
??VERSION			  Number 0503
@32BIT				  Text	 1
@CODE				  Text	 FLAT
@CODESIZE			  Text	 0
@CPU				  Text	 0F0FH
@CURSEG				  Text	 _TEXT
@DATA				  Text	 FLAT
@DATASIZE			  Text	 0
@FILENAME			  Text	 SETCLER
@INTERFACE			  Text	 001H
@MODEL				  Text	 1
@STACK				  Text	 FLAT
@WORDSIZE			  Text	 4
L				  Text	 DWORD PTR[EBP+12]
M0				  Near32 FLAT:0018
M1				  Near32 FLAT:002A
M2				  Near32 FLAT:002D
N				  Text	 DWORD PTR[EBP+16]
P				  Text	 DWORD PTR[EBP+20]
S				  Text	 DWORD PTR[EBP+8]
SETCLER	(_SETCLER)		  Near32 FLAT:0000

Groups & Segments		  Bit Size Align  Combine Class

DGROUP				  Group
  _DATA				  32  0000 Dword  Public  DATA
FLAT				  Group
_TEXT				  32  002F Dword  Public  CODE
