Turbo Assembler	 Version 5.3	    04-22-18 23:04:29	    Page 1
X_U_Y.ASM



      1					 ;—оставить подпрограмму с именем X_U_Y	типа
      2					 ;   Procedure (var X: LONGWORD; const Y:LONGWORD; L:LONGWORD)
      3					 ;выполн€ющую объединение битовых строк	X:=X U Y длины L.
      4
      5					 .386
      6	00000000			 .model	FLAT,PASCAL
      7					 PUBLIC	X_U_Y
      8
      9	00000000			 .CODE
     10	00000000			 X_U_Y PROC
     11		  = DWORD PTR[EBP+16]	 X EQU DWORD PTR[EBP+16]	   ;перва€ строка
     12		  = DWORD PTR[EBP+12]	 Y EQU DWORD PTR[EBP+12]	   ;втора€ строка
     13		  = DWORD PTR[EBP+8]	 L EQU DWORD PTR[EBP+8]		   ;длина строк
     14
     15	00000000  55			   PUSH	EBP			   ;пишем старый адрес EBP
     16	00000001  8B EC			   MOV EBP,ESP			   ;пишем в EBP	текущее	значение ESP
     17
     18	00000003  56			   PUSH	ESI			   ;сохран€ем регистры
     19	00000004  57			   PUSH	EDI
     20
     21	00000005  8B 4D	08		   MOV ECX,L			   ;CX = L
     22	00000008  C1 E9	05		   SHR ECX,5			   ;сдвигаем на	5 разр€дов вправо (делим нацело	на 32)
     23					 ;если ECX больше или равен 32,	то он станет 1,	иначе 0
     24	0000000B  41			   INC ECX			   ;»нкрементируем ECX,	чтобы цикл снизу выполнилс€ 2 раза
     25	0000000C  8B 7D	10		   MOV EDI,X
     26	0000000F  8B 75	0C		   MOV ESI,Y
     27
     28	00000012			 M1:
     29	00000012  8B 06			   MOV EAX,[ESI]
     30	00000014  09 07			   OR [EDI],EAX			   ;объедин€ем
     31	00000016  83 C7	04		   ADD EDI,4			   ;сдвигаем указатели строк на	4
     32	00000019  83 C6	04		   ADD ESI,4
     33	0000001C  E2 F4			   LOOP	M1
     34
     35	0000001E  5F			   POP EDI
     36	0000001F  5E			   POP ESI
     37	00000020  5D			   POP EBP
     38	00000021  C2 000C		   RET 12
     39	00000024			 X_U_Y ENDP
     40					 END
Turbo Assembler	 Version 5.3	    04-22-18 23:04:29	    Page 2
Symbol Table




Symbol Name			  Type	 Value

??DATE				  Text	 "04-22-18"
??FILENAME			  Text	 "X_U_Y	  "
??TIME				  Text	 "23:04:29"
??VERSION			  Number 0503
@32BIT				  Text	 1
@CODE				  Text	 FLAT
@CODESIZE			  Text	 0
@CPU				  Text	 0F0FH
@CURSEG				  Text	 _TEXT
@DATA				  Text	 FLAT
@DATASIZE			  Text	 0
@FILENAME			  Text	 X_U_Y
@INTERFACE			  Text	 004H
@MODEL				  Text	 1
@STACK				  Text	 FLAT
@WORDSIZE			  Text	 4
L				  Text	 DWORD PTR[EBP+8]
M1				  Near32 FLAT:0012
X				  Text	 DWORD PTR[EBP+16]
X_U_Y				  Near32 FLAT:0000
Y				  Text	 DWORD PTR[EBP+12]

Groups & Segments		  Bit Size Align  Combine Class

DGROUP				  Group
  _DATA				  32  0000 Dword  Public  DATA
FLAT				  Group
_TEXT				  32  0024 Dword  Public  CODE
